<?xml version="1.0" encoding="UTF-8"?>
<testng-results ignored="0" total="1" passed="1" failed="0" skipped="0">
  <reporter-output>
  </reporter-output>
  <suite started-at="2023-01-21T11:09:19Z" name="Suite" finished-at="2023-01-21T11:09:24Z" duration-ms="5193">
    <groups>
      <group name="one">
        <method signature="SureFireCode.t1()[pri:0, instance:SureFire.SureFireCode@475c9c31]" name="t1" class="SureFire.SureFireCode"/>
      </group> <!-- one -->
    </groups>
    <test started-at="2023-01-21T11:09:19Z" name="Test" finished-at="2023-01-21T11:09:24Z" duration-ms="5193">
      <class name="SureFire.SureFireCode">
        <test-method signature="t1()[pri:0, instance:SureFire.SureFireCode@475c9c31]" started-at="2023-01-21T11:09:19Z" name="t1" finished-at="2023-01-21T11:09:24Z" duration-ms="5178" status="PASS">
          <reporter-output>
          </reporter-output>
        </test-method> <!-- t1 -->
      </class> <!-- SureFire.SureFireCode -->
    </test> <!-- Test -->
  </suite> <!-- Suite -->
</testng-results>
