<?xml version="1.0" encoding="UTF-8"?>
<testng-results ignored="0" total="1" passed="1" failed="0" skipped="0">
  <reporter-output>
  </reporter-output>
  <suite started-at="2023-01-21T12:35:16Z" name="Default suite" finished-at="2023-01-21T12:35:21Z" duration-ms="5245">
    <groups>
      <group name="one">
        <method signature="SureFireCode.t1()[pri:0, instance:SureFire.SureFireCode@36804139]" name="t1" class="SureFire.SureFireCode"/>
      </group> <!-- one -->
    </groups>
    <test started-at="2023-01-21T12:35:16Z" name="Default test" finished-at="2023-01-21T12:35:21Z" duration-ms="5245">
      <class name="SureFire.SureFireCode">
        <test-method signature="t1()[pri:0, instance:SureFire.SureFireCode@36804139]" started-at="2023-01-21T12:35:16Z" name="t1" finished-at="2023-01-21T12:35:21Z" duration-ms="5230" status="PASS">
          <reporter-output>
          </reporter-output>
        </test-method> <!-- t1 -->
      </class> <!-- SureFire.SureFireCode -->
    </test> <!-- Default test -->
  </suite> <!-- Default suite -->
</testng-results>
